<?xml version="1.0" encoding="UTF-8"?>
<testng-results skipped="0" failed="0" total="4" passed="4">
  <reporter-output>
  </reporter-output>
  <suite name="Default suite" duration-ms="16044" started-at="2020-06-21T06:47:48Z" finished-at="2020-06-21T06:48:04Z">
    <groups>
    </groups>
    <test name="Default test" duration-ms="16044" started-at="2020-06-21T06:47:48Z" finished-at="2020-06-21T06:48:04Z">
      <class name="com.uniqlo.Assignment3.Test.TC_01_VerifyResponse">
        <test-method status="PASS" signature="setUp()[pri:0, instance:com.uniqlo.Assignment3.Test.TC_01_VerifyResponse@458f04]" name="setUp" is-config="true" duration-ms="286" started-at="2020-06-21T12:17:48Z" finished-at="2020-06-21T12:17:48Z">
          <reporter-output>
          </reporter-output>
        </test-method> <!-- setUp -->
        <test-method status="PASS" signature="GetRequest()[pri:1, instance:com.uniqlo.Assignment3.Test.TC_01_VerifyResponse@458f04]" name="GetRequest" duration-ms="9043" started-at="2020-06-21T12:17:48Z" finished-at="2020-06-21T12:17:57Z">
          <reporter-output>
          </reporter-output>
        </test-method> <!-- GetRequest -->
        <test-method status="PASS" signature="setUp()[pri:0, instance:com.uniqlo.Assignment3.Test.TC_01_VerifyResponse@458f04]" name="setUp" is-config="true" duration-ms="9" started-at="2020-06-21T12:17:57Z" finished-at="2020-06-21T12:17:57Z">
          <reporter-output>
          </reporter-output>
        </test-method> <!-- setUp -->
        <test-method status="PASS" signature="PostRequest()[pri:2, instance:com.uniqlo.Assignment3.Test.TC_01_VerifyResponse@458f04]" name="PostRequest" duration-ms="1587" started-at="2020-06-21T12:17:57Z" finished-at="2020-06-21T12:17:59Z">
          <reporter-output>
          </reporter-output>
        </test-method> <!-- PostRequest -->
        <test-method status="PASS" signature="setUp()[pri:0, instance:com.uniqlo.Assignment3.Test.TC_01_VerifyResponse@458f04]" name="setUp" is-config="true" duration-ms="8" started-at="2020-06-21T12:17:59Z" finished-at="2020-06-21T12:17:59Z">
          <reporter-output>
          </reporter-output>
        </test-method> <!-- setUp -->
        <test-method status="PASS" signature="PutRequest()[pri:3, instance:com.uniqlo.Assignment3.Test.TC_01_VerifyResponse@458f04]" name="PutRequest" duration-ms="1816" started-at="2020-06-21T12:17:59Z" finished-at="2020-06-21T12:18:01Z">
          <reporter-output>
          </reporter-output>
        </test-method> <!-- PutRequest -->
        <test-method status="PASS" signature="DeleteRequest()[pri:4, instance:com.uniqlo.Assignment3.Test.TC_01_VerifyResponse@458f04]" name="DeleteRequest" duration-ms="2835" started-at="2020-06-21T12:18:01Z" finished-at="2020-06-21T12:18:04Z">
          <reporter-output>
          </reporter-output>
        </test-method> <!-- DeleteRequest -->
        <test-method status="PASS" signature="setUp()[pri:0, instance:com.uniqlo.Assignment3.Test.TC_01_VerifyResponse@458f04]" name="setUp" is-config="true" duration-ms="0" started-at="2020-06-21T12:18:01Z" finished-at="2020-06-21T12:18:01Z">
          <reporter-output>
          </reporter-output>
        </test-method> <!-- setUp -->
      </class> <!-- com.uniqlo.Assignment3.Test.TC_01_VerifyResponse -->
    </test> <!-- Default test -->
  </suite> <!-- Default suite -->
</testng-results>
