<?xml version="1.0" encoding="UTF-8"?>
<!-- Generated by org.testng.reporters.JUnitXMLReporter -->
<testsuite hostname="LAPTOP-637D0VS7" name="Default test" tests="4" failures="0" timestamp="21 Jun 2020 06:48:04 GMT" time="16.044" errors="0">
  <testcase name="GetRequest" time="9.043" classname="com.uniqlo.Assignment3.Test.TC_01_VerifyResponse"/>
  <testcase name="PostRequest" time="1.587" classname="com.uniqlo.Assignment3.Test.TC_01_VerifyResponse"/>
  <testcase name="PutRequest" time="1.816" classname="com.uniqlo.Assignment3.Test.TC_01_VerifyResponse"/>
  <testcase name="DeleteRequest" time="2.835" classname="com.uniqlo.Assignment3.Test.TC_01_VerifyResponse"/>
</testsuite> <!-- Default test -->
